Determining if the pthread_create exist failed with the following output:
Change Dir: /home/jr/projects/DoD/tmp/CMakeFiles/CMakeTmp

Run Build Command:"/usr/bin/make" "cmTC_3c384/fast"
/usr/bin/make -f CMakeFiles/cmTC_3c384.dir/build.make CMakeFiles/cmTC_3c384.dir/build
make[1]: Entering directory '/home/jr/projects/DoD/tmp/CMakeFiles/CMakeTmp'
Building C object CMakeFiles/cmTC_3c384.dir/CheckSymbolExists.c.o
/usr/bin/cc     -o CMakeFiles/cmTC_3c384.dir/CheckSymbolExists.c.o   -c /home/jr/projects/DoD/tmp/CMakeFiles/CMakeTmp/CheckSymbolExists.c
Linking C executable cmTC_3c384
/usr/bin/cmake -E cmake_link_script CMakeFiles/cmTC_3c384.dir/link.txt --verbose=1
/usr/bin/cc       CMakeFiles/cmTC_3c384.dir/CheckSymbolExists.c.o  -o cmTC_3c384 
CMakeFiles/cmTC_3c384.dir/CheckSymbolExists.c.o: In function `main':
CheckSymbolExists.c:(.text+0x16): undefined reference to `pthread_create'
collect2: error: ld returned 1 exit status
CMakeFiles/cmTC_3c384.dir/build.make:97: recipe for target 'cmTC_3c384' failed
make[1]: *** [cmTC_3c384] Error 1
make[1]: Leaving directory '/home/jr/projects/DoD/tmp/CMakeFiles/CMakeTmp'
Makefile:126: recipe for target 'cmTC_3c384/fast' failed
make: *** [cmTC_3c384/fast] Error 2

File /home/jr/projects/DoD/tmp/CMakeFiles/CMakeTmp/CheckSymbolExists.c:
/* */
#include <pthread.h>

int main(int argc, char** argv)
{
  (void)argv;
#ifndef pthread_create
  return ((int*)(&pthread_create))[argc];
#else
  (void)argc;
  return 0;
#endif
}

Determining if the function pthread_create exists in the pthreads failed with the following output:
Change Dir: /home/jr/projects/DoD/tmp/CMakeFiles/CMakeTmp

Run Build Command:"/usr/bin/make" "cmTC_eaad2/fast"
/usr/bin/make -f CMakeFiles/cmTC_eaad2.dir/build.make CMakeFiles/cmTC_eaad2.dir/build
make[1]: Entering directory '/home/jr/projects/DoD/tmp/CMakeFiles/CMakeTmp'
Building C object CMakeFiles/cmTC_eaad2.dir/CheckFunctionExists.c.o
/usr/bin/cc    -DCHECK_FUNCTION_EXISTS=pthread_create   -o CMakeFiles/cmTC_eaad2.dir/CheckFunctionExists.c.o   -c /usr/share/cmake-3.5/Modules/CheckFunctionExists.c
Linking C executable cmTC_eaad2
/usr/bin/cmake -E cmake_link_script CMakeFiles/cmTC_eaad2.dir/link.txt --verbose=1
/usr/bin/cc   -DCHECK_FUNCTION_EXISTS=pthread_create    CMakeFiles/cmTC_eaad2.dir/CheckFunctionExists.c.o  -o cmTC_eaad2 -lpthreads 
/usr/bin/ld: cannot find -lpthreads
collect2: error: ld returned 1 exit status
CMakeFiles/cmTC_eaad2.dir/build.make:97: recipe for target 'cmTC_eaad2' failed
make[1]: *** [cmTC_eaad2] Error 1
make[1]: Leaving directory '/home/jr/projects/DoD/tmp/CMakeFiles/CMakeTmp'
Makefile:126: recipe for target 'cmTC_eaad2/fast' failed
make: *** [cmTC_eaad2/fast] Error 2


Determining if the pthread_create exist failed with the following output:
Change Dir: /home/jr/projects/composite/tmp/CMakeFiles/CMakeTmp

Run Build Command:"/usr/bin/make" "cmTC_df723/fast"
/usr/bin/make -f CMakeFiles/cmTC_df723.dir/build.make CMakeFiles/cmTC_df723.dir/build
make[1]: Entering directory '/home/jr/projects/composite/tmp/CMakeFiles/CMakeTmp'
Building C object CMakeFiles/cmTC_df723.dir/CheckSymbolExists.c.o
/usr/bin/cc     -o CMakeFiles/cmTC_df723.dir/CheckSymbolExists.c.o   -c /home/jr/projects/composite/tmp/CMakeFiles/CMakeTmp/CheckSymbolExists.c
Linking C executable cmTC_df723
/usr/bin/cmake -E cmake_link_script CMakeFiles/cmTC_df723.dir/link.txt --verbose=1
/usr/bin/cc       CMakeFiles/cmTC_df723.dir/CheckSymbolExists.c.o  -o cmTC_df723 
CMakeFiles/cmTC_df723.dir/CheckSymbolExists.c.o: In function `main':
CheckSymbolExists.c:(.text+0x16): undefined reference to `pthread_create'
collect2: error: ld returned 1 exit status
CMakeFiles/cmTC_df723.dir/build.make:97: recipe for target 'cmTC_df723' failed
make[1]: *** [cmTC_df723] Error 1
make[1]: Leaving directory '/home/jr/projects/composite/tmp/CMakeFiles/CMakeTmp'
Makefile:126: recipe for target 'cmTC_df723/fast' failed
make: *** [cmTC_df723/fast] Error 2

File /home/jr/projects/composite/tmp/CMakeFiles/CMakeTmp/CheckSymbolExists.c:
/* */
#include <pthread.h>

int main(int argc, char** argv)
{
  (void)argv;
#ifndef pthread_create
  return ((int*)(&pthread_create))[argc];
#else
  (void)argc;
  return 0;
#endif
}

Determining if the function pthread_create exists in the pthreads failed with the following output:
Change Dir: /home/jr/projects/composite/tmp/CMakeFiles/CMakeTmp

Run Build Command:"/usr/bin/make" "cmTC_3486f/fast"
/usr/bin/make -f CMakeFiles/cmTC_3486f.dir/build.make CMakeFiles/cmTC_3486f.dir/build
make[1]: Entering directory '/home/jr/projects/composite/tmp/CMakeFiles/CMakeTmp'
Building C object CMakeFiles/cmTC_3486f.dir/CheckFunctionExists.c.o
/usr/bin/cc    -DCHECK_FUNCTION_EXISTS=pthread_create   -o CMakeFiles/cmTC_3486f.dir/CheckFunctionExists.c.o   -c /usr/share/cmake-3.5/Modules/CheckFunctionExists.c
Linking C executable cmTC_3486f
/usr/bin/cmake -E cmake_link_script CMakeFiles/cmTC_3486f.dir/link.txt --verbose=1
/usr/bin/cc   -DCHECK_FUNCTION_EXISTS=pthread_create    CMakeFiles/cmTC_3486f.dir/CheckFunctionExists.c.o  -o cmTC_3486f -lpthreads 
/usr/bin/ld: cannot find -lpthreads
collect2: error: ld returned 1 exit status
CMakeFiles/cmTC_3486f.dir/build.make:97: recipe for target 'cmTC_3486f' failed
make[1]: *** [cmTC_3486f] Error 1
make[1]: Leaving directory '/home/jr/projects/composite/tmp/CMakeFiles/CMakeTmp'
Makefile:126: recipe for target 'cmTC_3486f/fast' failed
make: *** [cmTC_3486f/fast] Error 2


